<?xml version="1.0" encoding="UTF-8"?>
<!-- Generated by org.testng.reporters.JUnitXMLReporter -->
<testsuite hostname="HIPUNL105910" ignored="0" name="Shopify Test" tests="3" failures="0" timestamp="04 Aug 2020 05:52:56 GMT" time="773.804" errors="0">
  <testcase name="TestFreeShipping" time="244.211" classname="com.shopify.ShopifyTest.BOGOTest"/>
  <testcase name="testBulk" time="248.728" classname="com.shopify.ShopifyTest.BulkTest"/>
  <testcase name="testBulk" time="277.442" classname="com.shopify.ShopifyTest.BundleTest"/>
</testsuite> <!-- Shopify Test -->
